{
  "RSpec": {
    "coverage": {
      "/Users/twilson.spqr/challenges/side-projects/dice-roller/app/models/user.rb": [
        1,
        null,
        1,
        1,
        1,
        1,
        null,
        null,
        null,
        1,
        null,
        null
      ],
      "/Users/twilson.spqr/challenges/side-projects/dice-roller/app/models/application_record.rb": [
        1,
        1,
        null
      ],
      "/Users/twilson.spqr/challenges/side-projects/dice-roller/app/helpers/application_helper.rb": [
        1,
        null
      ],
      "/Users/twilson.spqr/challenges/side-projects/dice-roller/app/controllers/homes_controller.rb": [
        1,
        null,
        1,
        null,
        1,
        null,
        null
      ],
      "/Users/twilson.spqr/challenges/side-projects/dice-roller/app/controllers/application_controller.rb": [
        1,
        1,
        null,
        1,
        null,
        1,
        null,
        1,
        19,
        null,
        null
      ]
    },
    "timestamp": 1504976163
  }
}
